2021-11-09 03:19:29,588 INFO o.a.j.u.JMeterUtils: Setting Locale to en_ID
2021-11-09 03:19:29,608 INFO o.a.j.JMeter: Loading user properties from: user.properties
2021-11-09 03:19:29,609 INFO o.a.j.JMeter: Loading system properties from: system.properties
2021-11-09 03:19:29,619 INFO o.a.j.JMeter: Copyright (c) 1998-2021 The Apache Software Foundation
2021-11-09 03:19:29,619 INFO o.a.j.JMeter: Version 5.4.1
2021-11-09 03:19:29,619 INFO o.a.j.JMeter: java.version=1.8.0_231
2021-11-09 03:19:29,619 INFO o.a.j.JMeter: java.vm.name=Java HotSpot(TM) 64-Bit Server VM
2021-11-09 03:19:29,619 INFO o.a.j.JMeter: os.name=Mac OS X
2021-11-09 03:19:29,619 INFO o.a.j.JMeter: os.arch=x86_64
2021-11-09 03:19:29,619 INFO o.a.j.JMeter: os.version=10.15.4
2021-11-09 03:19:29,619 INFO o.a.j.JMeter: file.encoding=UTF-8
2021-11-09 03:19:29,619 INFO o.a.j.JMeter: java.awt.headless=true
2021-11-09 03:19:29,619 INFO o.a.j.JMeter: Max memory     =1908932608
2021-11-09 03:19:29,619 INFO o.a.j.JMeter: Available Processors =8
2021-11-09 03:19:29,625 INFO o.a.j.JMeter: Default Locale=English (Indonesia)
2021-11-09 03:19:29,626 INFO o.a.j.JMeter: JMeter  Locale=English (Indonesia)
2021-11-09 03:19:29,626 INFO o.a.j.JMeter: JMeterHome=/Users/moka/Abror/companytest/kbcomtest/jmeter
2021-11-09 03:19:29,626 INFO o.a.j.JMeter: user.dir  =/Users/moka/Abror/companytest/kbcomtest/jmeter/bin
2021-11-09 03:19:29,626 INFO o.a.j.JMeter: PWD       =/Users/moka/Abror/companytest/kbcomtest/jmeter/bin
2021-11-09 03:19:29,667 INFO o.a.j.JMeter: IP: 192.168.1.13 Name: ip-192-168-1-13.ap-southeast-1.compute.internal FullName: ip-192-168-1-13.ap-southeast-1.compute.internal
2021-11-09 03:19:29,677 INFO o.a.j.s.FileServer: Default base='/Users/moka/Abror/companytest/kbcomtest/jmeter/bin'
2021-11-09 03:19:29,679 INFO o.a.j.s.FileServer: Set new base='/Users/moka/Abror/companytest/kbcomtest/jmeter/bin'
2021-11-09 03:19:29,832 INFO o.a.j.s.SaveService: Testplan (JMX) version: 2.2. Testlog (JTL) version: 2.2
2021-11-09 03:19:29,849 INFO o.a.j.s.SaveService: Using SaveService properties file encoding UTF-8
2021-11-09 03:19:29,856 INFO o.a.j.s.SaveService: Using SaveService properties version 5.0
2021-11-09 03:19:29,863 INFO o.a.j.s.SaveService: Loading file: kbcom.jmx
2021-11-09 03:19:29,918 INFO o.a.j.p.h.s.HTTPSamplerBase: Parser for text/html is org.apache.jmeter.protocol.http.parser.LagartoBasedHtmlParser
2021-11-09 03:19:29,918 INFO o.a.j.p.h.s.HTTPSamplerBase: Parser for application/xhtml+xml is org.apache.jmeter.protocol.http.parser.LagartoBasedHtmlParser
2021-11-09 03:19:29,918 INFO o.a.j.p.h.s.HTTPSamplerBase: Parser for application/xml is org.apache.jmeter.protocol.http.parser.LagartoBasedHtmlParser
2021-11-09 03:19:29,918 INFO o.a.j.p.h.s.HTTPSamplerBase: Parser for text/xml is org.apache.jmeter.protocol.http.parser.LagartoBasedHtmlParser
2021-11-09 03:19:29,918 INFO o.a.j.p.h.s.HTTPSamplerBase: Parser for text/vnd.wap.wml is org.apache.jmeter.protocol.http.parser.RegexpHTMLParser
2021-11-09 03:19:29,919 INFO o.a.j.p.h.s.HTTPSamplerBase: Parser for text/css is org.apache.jmeter.protocol.http.parser.CssParser
2021-11-09 03:19:29,948 INFO o.a.j.JMeter: Creating summariser <summary>
2021-11-09 03:19:29,960 INFO o.a.j.e.StandardJMeterEngine: Running the test!
2021-11-09 03:19:29,960 INFO o.a.j.s.SampleEvent: List of sample_variables: []
2021-11-09 03:19:29,960 INFO o.a.j.s.SampleEvent: List of sample_variables: []
2021-11-09 03:19:29,965 INFO o.a.j.e.u.CompoundVariable: Note: Function class names must contain the string: '.functions.'
2021-11-09 03:19:29,965 INFO o.a.j.e.u.CompoundVariable: Note: Function class names must not contain the string: '.gui.'
2021-11-09 03:19:30,283 INFO o.a.j.JMeter: Running test (1636402770283)
2021-11-09 03:19:30,312 INFO o.a.j.e.StandardJMeterEngine: Starting ThreadGroup: 1 : Thread Group
2021-11-09 03:19:30,312 INFO o.a.j.e.StandardJMeterEngine: Starting 10 threads for group Thread Group.
2021-11-09 03:19:30,312 INFO o.a.j.e.StandardJMeterEngine: Thread will continue on error
2021-11-09 03:19:30,313 INFO o.a.j.t.ThreadGroup: Starting thread group... number=1 threads=10 ramp-up=120 delayedStart=false
2021-11-09 03:19:30,318 INFO o.a.j.t.JMeterThread: Thread started: Thread Group 1-1
2021-11-09 03:19:30,319 INFO o.a.j.t.ThreadGroup: Started thread group number 1
2021-11-09 03:19:30,319 INFO o.a.j.e.StandardJMeterEngine: All thread groups have been started
2021-11-09 03:19:30,359 INFO o.a.j.p.h.s.HTTPHCAbstractImpl: Local host = ip-192-168-1-13.ap-southeast-1.compute.internal
2021-11-09 03:19:30,371 INFO o.a.j.p.h.s.HTTPHC4Impl: HTTP request retry count = 0
2021-11-09 03:19:30,373 INFO o.a.j.s.SampleResult: Note: Sample TimeStamps are START times
2021-11-09 03:19:30,373 INFO o.a.j.s.SampleResult: sampleresult.default.encoding is set to ISO-8859-1
2021-11-09 03:19:30,373 INFO o.a.j.s.SampleResult: sampleresult.useNanoTime=true
2021-11-09 03:19:30,373 INFO o.a.j.s.SampleResult: sampleresult.nanoThreadSleep=5000
2021-11-09 03:19:30,508 INFO o.a.j.p.h.s.h.LazyLayeredConnectionSocketFactory: Setting up HTTPS TrustAll Socket Factory
2021-11-09 03:19:30,515 INFO o.a.j.u.JsseSSLManager: Using default SSL protocol: TLS
2021-11-09 03:19:30,515 INFO o.a.j.u.JsseSSLManager: SSL session context: per-thread
2021-11-09 03:19:30,677 INFO o.a.j.u.SSLManager: JmeterKeyStore Location:  type JKS
2021-11-09 03:19:30,678 INFO o.a.j.u.SSLManager: KeyStore created OK
2021-11-09 03:19:30,679 WARN o.a.j.u.SSLManager: Keystore file not found, loading empty keystore
2021-11-09 03:19:31,299 INFO o.a.j.r.Summariser: summary +      1 in 00:00:01 =    1.0/s Avg:   844 Min:   844 Max:   844 Err:     0 (0.00%) Active: 1 Started: 1 Finished: 0
2021-11-09 03:19:31,299 INFO o.a.j.t.JMeterThread: Thread is done: Thread Group 1-1
2021-11-09 03:19:31,299 INFO o.a.j.t.JMeterThread: Thread finished: Thread Group 1-1
2021-11-09 03:19:42,321 INFO o.a.j.t.JMeterThread: Thread started: Thread Group 1-2
2021-11-09 03:19:42,890 INFO o.a.j.t.JMeterThread: Thread is done: Thread Group 1-2
2021-11-09 03:19:42,891 INFO o.a.j.t.JMeterThread: Thread finished: Thread Group 1-2
2021-11-09 03:19:54,315 INFO o.a.j.t.JMeterThread: Thread started: Thread Group 1-3
2021-11-09 03:19:54,872 INFO o.a.j.t.JMeterThread: Thread is done: Thread Group 1-3
2021-11-09 03:19:54,872 INFO o.a.j.t.JMeterThread: Thread finished: Thread Group 1-3
2021-11-09 03:20:06,320 INFO o.a.j.t.JMeterThread: Thread started: Thread Group 1-4
2021-11-09 03:20:06,812 INFO o.a.j.t.JMeterThread: Thread is done: Thread Group 1-4
2021-11-09 03:20:06,812 INFO o.a.j.t.JMeterThread: Thread finished: Thread Group 1-4
2021-11-09 03:20:18,314 INFO o.a.j.t.JMeterThread: Thread started: Thread Group 1-5
2021-11-09 03:20:18,805 INFO o.a.j.t.JMeterThread: Thread is done: Thread Group 1-5
2021-11-09 03:20:18,806 INFO o.a.j.t.JMeterThread: Thread finished: Thread Group 1-5
2021-11-09 03:20:30,319 INFO o.a.j.t.JMeterThread: Thread started: Thread Group 1-6
2021-11-09 03:20:30,916 INFO o.a.j.r.Summariser: summary +      5 in 00:01:00 =    0.1/s Avg:   538 Min:   489 Max:   594 Err:     0 (0.00%) Active: 1 Started: 6 Finished: 5
2021-11-09 03:20:30,917 INFO o.a.j.r.Summariser: summary =      6 in 00:01:01 =    0.1/s Avg:   589 Min:   489 Max:   844 Err:     0 (0.00%)
2021-11-09 03:20:30,917 INFO o.a.j.t.JMeterThread: Thread is done: Thread Group 1-6
2021-11-09 03:20:30,917 INFO o.a.j.t.JMeterThread: Thread finished: Thread Group 1-6
2021-11-09 03:20:42,314 INFO o.a.j.t.JMeterThread: Thread started: Thread Group 1-7
2021-11-09 03:20:42,897 INFO o.a.j.t.JMeterThread: Thread is done: Thread Group 1-7
2021-11-09 03:20:42,897 INFO o.a.j.t.JMeterThread: Thread finished: Thread Group 1-7
2021-11-09 03:20:54,320 INFO o.a.j.t.JMeterThread: Thread started: Thread Group 1-8
2021-11-09 03:20:54,878 INFO o.a.j.t.JMeterThread: Thread is done: Thread Group 1-8
2021-11-09 03:20:54,878 INFO o.a.j.t.JMeterThread: Thread finished: Thread Group 1-8
2021-11-09 03:21:06,319 INFO o.a.j.t.JMeterThread: Thread started: Thread Group 1-9
2021-11-09 03:21:06,959 INFO o.a.j.t.JMeterThread: Thread is done: Thread Group 1-9
2021-11-09 03:21:06,959 INFO o.a.j.t.JMeterThread: Thread finished: Thread Group 1-9
2021-11-09 03:21:18,316 INFO o.a.j.t.JMeterThread: Thread started: Thread Group 1-10
2021-11-09 03:21:18,871 INFO o.a.j.t.JMeterThread: Thread is done: Thread Group 1-10
2021-11-09 03:21:18,872 INFO o.a.j.t.JMeterThread: Thread finished: Thread Group 1-10
2021-11-09 03:21:18,872 INFO o.a.j.e.StandardJMeterEngine: Notifying test listeners of end of test
2021-11-09 03:21:18,874 INFO o.a.j.r.Summariser: summary +      4 in 00:00:48 =    0.1/s Avg:   581 Min:   553 Max:   636 Err:     0 (0.00%) Active: 0 Started: 10 Finished: 10
2021-11-09 03:21:18,874 INFO o.a.j.r.Summariser: summary =     10 in 00:01:49 =    0.1/s Avg:   586 Min:   489 Max:   844 Err:     0 (0.00%)
